{"/Users/elhamaminmansour/Desktop/stage/gemlius/ans/node-js-restful-api-example/server/server.js": {"path":"/Users/elhamaminmansour/Desktop/stage/gemlius/ans/node-js-restful-api-example/server/server.js","statementMap":{"0":{"start":{"line":1,"column":14},"end":{"line":1,"column":32}},"1":{"start":{"line":2,"column":17},"end":{"line":2,"column":39}},"2":{"start":{"line":3,"column":13},"end":{"line":3,"column":30}},"3":{"start":{"line":4,"column":19},"end":{"line":4,"column":53}},"4":{"start":{"line":6,"column":10},"end":{"line":6,"column":19}},"5":{"start":{"line":7,"column":11},"end":{"line":7,"column":15}},"6":{"start":{"line":9,"column":0},"end":{"line":9,"column":23}},"7":{"start":{"line":10,"column":0},"end":{"line":10,"column":34}},"8":{"start":{"line":15,"column":0},"end":{"line":19,"column":3}},"9":{"start":{"line":16,"column":4},"end":{"line":16,"column":51}},"10":{"start":{"line":17,"column":4},"end":{"line":17,"column":115}},"11":{"start":{"line":18,"column":4},"end":{"line":18,"column":11}},"12":{"start":{"line":21,"column":0},"end":{"line":21,"column":49}},"13":{"start":{"line":22,"column":0},"end":{"line":22,"column":27}},"14":{"start":{"line":24,"column":0},"end":{"line":24,"column":33}},"15":{"start":{"line":26,"column":0},"end":{"line":26,"column":17}},"16":{"start":{"line":27,"column":0},"end":{"line":27,"column":79}},"17":{"start":{"line":28,"column":0},"end":{"line":28,"column":21}}},"fnMap":{"0":{"name":"(anonymous_0)","decl":{"start":{"line":15,"column":8},"end":{"line":15,"column":9}},"loc":{"start":{"line":15,"column":28},"end":{"line":19,"column":1}},"line":15}},"branchMap":{},"s":{"0":1,"1":1,"2":1,"3":1,"4":1,"5":1,"6":1,"7":1,"8":1,"9":2,"10":2,"11":2,"12":1,"13":1,"14":1,"15":1,"16":1,"17":1},"f":{"0":2},"b":{},"_coverageSchema":"1a1c01bbd47fc00a2c39e90264f33305004495a9","hash":"4d7a4d76891ba26060582d3447236598b07084cb"}
,"/Users/elhamaminmansour/Desktop/stage/gemlius/ans/node-js-restful-api-example/server/data/events-data.js": {"path":"/Users/elhamaminmansour/Desktop/stage/gemlius/ans/node-js-restful-api-example/server/data/events-data.js","statementMap":{"0":{"start":{"line":1,"column":13},"end":{"line":109,"column":2}},"1":{"start":{"line":111,"column":0},"end":{"line":111,"column":24}}},"fnMap":{},"branchMap":{},"s":{"0":1,"1":1},"f":{},"b":{},"_coverageSchema":"1a1c01bbd47fc00a2c39e90264f33305004495a9","hash":"435a387deaebfdda2e47bb5bef24b983501bb802"}
,"/Users/elhamaminmansour/Desktop/stage/gemlius/ans/node-js-restful-api-example/server/routers/events-router.js": {"path":"/Users/elhamaminmansour/Desktop/stage/gemlius/ans/node-js-restful-api-example/server/routers/events-router.js","statementMap":{"0":{"start":{"line":1,"column":19},"end":{"line":1,"column":46}},"1":{"start":{"line":2,"column":17},"end":{"line":2,"column":47}},"2":{"start":{"line":3,"column":8},"end":{"line":3,"column":25}},"3":{"start":{"line":5,"column":13},"end":{"line":5,"column":23}},"4":{"start":{"line":6,"column":9},"end":{"line":6,"column":11}},"5":{"start":{"line":8,"column":15},"end":{"line":15,"column":1}},"6":{"start":{"line":9,"column":4},"end":{"line":9,"column":26}},"7":{"start":{"line":10,"column":4},"end":{"line":13,"column":5}},"8":{"start":{"line":11,"column":8},"end":{"line":11,"column":13}},"9":{"start":{"line":12,"column":8},"end":{"line":12,"column":30}},"10":{"start":{"line":14,"column":4},"end":{"line":14,"column":11}},"11":{"start":{"line":17,"column":0},"end":{"line":25,"column":3}},"12":{"start":{"line":18,"column":16},"end":{"line":18,"column":40}},"13":{"start":{"line":19,"column":4},"end":{"line":24,"column":5}},"14":{"start":{"line":20,"column":8},"end":{"line":20,"column":26}},"15":{"start":{"line":21,"column":8},"end":{"line":21,"column":15}},"16":{"start":{"line":23,"column":8},"end":{"line":23,"column":44}},"17":{"start":{"line":27,"column":0},"end":{"line":29,"column":3}},"18":{"start":{"line":28,"column":4},"end":{"line":28,"column":21}},"19":{"start":{"line":31,"column":0},"end":{"line":34,"column":3}},"20":{"start":{"line":32,"column":16},"end":{"line":32,"column":25}},"21":{"start":{"line":33,"column":4},"end":{"line":33,"column":26}},"22":{"start":{"line":36,"column":0},"end":{"line":41,"column":3}},"23":{"start":{"line":37,"column":16},"end":{"line":37,"column":24}},"24":{"start":{"line":39,"column":4},"end":{"line":39,"column":23}},"25":{"start":{"line":40,"column":4},"end":{"line":40,"column":38}},"26":{"start":{"line":43,"column":0},"end":{"line":58,"column":3}},"27":{"start":{"line":44,"column":17},"end":{"line":44,"column":25}},"28":{"start":{"line":46,"column":4},"end":{"line":48,"column":5}},"29":{"start":{"line":47,"column":8},"end":{"line":47,"column":25}},"30":{"start":{"line":50,"column":16},"end":{"line":50,"column":56}},"31":{"start":{"line":52,"column":4},"end":{"line":57,"column":5}},"32":{"start":{"line":53,"column":8},"end":{"line":53,"column":19}},"33":{"start":{"line":55,"column":27},"end":{"line":55,"column":58}},"34":{"start":{"line":56,"column":8},"end":{"line":56,"column":31}},"35":{"start":{"line":60,"column":0},"end":{"line":65,"column":3}},"36":{"start":{"line":61,"column":16},"end":{"line":61,"column":56}},"37":{"start":{"line":62,"column":4},"end":{"line":62,"column":28}},"38":{"start":{"line":64,"column":4},"end":{"line":64,"column":24}},"39":{"start":{"line":68,"column":0},"end":{"line":74,"column":3}},"40":{"start":{"line":70,"column":4},"end":{"line":72,"column":5}},"41":{"start":{"line":71,"column":8},"end":{"line":71,"column":34}},"42":{"start":{"line":76,"column":0},"end":{"line":76,"column":30}}},"fnMap":{"0":{"name":"(anonymous_0)","decl":{"start":{"line":8,"column":15},"end":{"line":8,"column":16}},"loc":{"start":{"line":8,"column":41},"end":{"line":15,"column":1}},"line":8},"1":{"name":"(anonymous_1)","decl":{"start":{"line":17,"column":25},"end":{"line":17,"column":26}},"loc":{"start":{"line":17,"column":55},"end":{"line":25,"column":1}},"line":17},"2":{"name":"(anonymous_2)","decl":{"start":{"line":27,"column":22},"end":{"line":27,"column":23}},"loc":{"start":{"line":27,"column":42},"end":{"line":29,"column":1}},"line":27},"3":{"name":"(anonymous_3)","decl":{"start":{"line":31,"column":25},"end":{"line":31,"column":26}},"loc":{"start":{"line":31,"column":45},"end":{"line":34,"column":1}},"line":31},"4":{"name":"(anonymous_4)","decl":{"start":{"line":36,"column":33},"end":{"line":36,"column":34}},"loc":{"start":{"line":36,"column":53},"end":{"line":41,"column":1}},"line":36},"5":{"name":"(anonymous_5)","decl":{"start":{"line":43,"column":25},"end":{"line":43,"column":26}},"loc":{"start":{"line":43,"column":45},"end":{"line":58,"column":1}},"line":43},"6":{"name":"(anonymous_6)","decl":{"start":{"line":60,"column":28},"end":{"line":60,"column":29}},"loc":{"start":{"line":60,"column":48},"end":{"line":65,"column":1}},"line":60},"7":{"name":"(anonymous_7)","decl":{"start":{"line":68,"column":17},"end":{"line":68,"column":18}},"loc":{"start":{"line":68,"column":48},"end":{"line":74,"column":1}},"line":68}},"branchMap":{"0":{"loc":{"start":{"line":10,"column":4},"end":{"line":13,"column":5}},"type":"if","locations":[{"start":{"line":10,"column":4},"end":{"line":13,"column":5}},{"start":{"line":10,"column":4},"end":{"line":13,"column":5}}],"line":10},"1":{"loc":{"start":{"line":19,"column":4},"end":{"line":24,"column":5}},"type":"if","locations":[{"start":{"line":19,"column":4},"end":{"line":24,"column":5}},{"start":{"line":19,"column":4},"end":{"line":24,"column":5}}],"line":19},"2":{"loc":{"start":{"line":33,"column":13},"end":{"line":33,"column":24}},"type":"binary-expr","locations":[{"start":{"line":33,"column":13},"end":{"line":33,"column":18}},{"start":{"line":33,"column":22},"end":{"line":33,"column":24}}],"line":33},"3":{"loc":{"start":{"line":40,"column":25},"end":{"line":40,"column":36}},"type":"binary-expr","locations":[{"start":{"line":40,"column":25},"end":{"line":40,"column":30}},{"start":{"line":40,"column":34},"end":{"line":40,"column":36}}],"line":40},"4":{"loc":{"start":{"line":46,"column":4},"end":{"line":48,"column":5}},"type":"if","locations":[{"start":{"line":46,"column":4},"end":{"line":48,"column":5}},{"start":{"line":46,"column":4},"end":{"line":48,"column":5}}],"line":46},"5":{"loc":{"start":{"line":52,"column":4},"end":{"line":57,"column":5}},"type":"if","locations":[{"start":{"line":52,"column":4},"end":{"line":57,"column":5}},{"start":{"line":52,"column":4},"end":{"line":57,"column":5}}],"line":52},"6":{"loc":{"start":{"line":70,"column":4},"end":{"line":72,"column":5}},"type":"if","locations":[{"start":{"line":70,"column":4},"end":{"line":72,"column":5}},{"start":{"line":70,"column":4},"end":{"line":72,"column":5}}],"line":70}},"s":{"0":1,"1":1,"2":1,"3":1,"4":1,"5":1,"6":0,"7":0,"8":0,"9":0,"10":0,"11":1,"12":1,"13":1,"14":1,"15":1,"16":0,"17":1,"18":1,"19":1,"20":1,"21":1,"22":1,"23":0,"24":0,"25":0,"26":1,"27":0,"28":0,"29":0,"30":0,"31":0,"32":0,"33":0,"34":0,"35":1,"36":0,"37":0,"38":0,"39":1,"40":0,"41":0,"42":1},"f":{"0":0,"1":1,"2":1,"3":1,"4":0,"5":0,"6":0,"7":0},"b":{"0":[0,0],"1":[1,0],"2":[1,0],"3":[0,0],"4":[0,0],"5":[0,0],"6":[0,0]},"_coverageSchema":"1a1c01bbd47fc00a2c39e90264f33305004495a9","hash":"3bebd82a380f2d79748bf6b1399266ec421e67df"}
}
