TN:
SF:server/server.js
FN:15,(anonymous_0)
FNF:1
FNH:1
FNDA:7,(anonymous_0)
DA:1,1
DA:2,1
DA:3,1
DA:4,1
DA:6,1
DA:7,1
DA:9,1
DA:10,1
DA:15,1
DA:16,7
DA:17,7
DA:18,7
DA:21,1
DA:22,1
DA:24,1
DA:26,1
DA:27,1
DA:28,1
LF:18
LH:18
BRF:0
BRH:0
end_of_record
TN:
SF:server/data/events-data.js
FNF:0
FNH:0
DA:1,1
DA:111,1
LF:2
LH:2
BRF:0
BRH:0
end_of_record
TN:
SF:server/routers/events-router.js
FN:8,(anonymous_0)
FN:17,(anonymous_1)
FN:27,(anonymous_2)
FN:31,(anonymous_3)
FN:36,(anonymous_4)
FN:43,(anonymous_5)
FN:60,(anonymous_6)
FN:68,(anonymous_7)
FNF:8
FNH:7
FNDA:1,(anonymous_0)
FNDA:4,(anonymous_1)
FNDA:1,(anonymous_2)
FNDA:1,(anonymous_3)
FNDA:1,(anonymous_4)
FNDA:1,(anonymous_5)
FNDA:1,(anonymous_6)
FNDA:0,(anonymous_7)
DA:1,1
DA:2,1
DA:3,1
DA:5,1
DA:6,1
DA:8,1
DA:9,1
DA:10,1
DA:11,0
DA:12,0
DA:14,1
DA:17,1
DA:18,4
DA:19,4
DA:20,3
DA:21,3
DA:23,1
DA:27,1
DA:28,1
DA:31,1
DA:32,1
DA:33,1
DA:36,1
DA:37,1
DA:39,1
DA:40,1
DA:43,1
DA:44,1
DA:46,1
DA:47,0
DA:50,1
DA:52,1
DA:53,0
DA:55,1
DA:56,1
DA:60,1
DA:61,1
DA:62,1
DA:64,1
DA:68,1
DA:70,0
DA:71,0
DA:76,1
LF:43
LH:37
BRDA:10,0,0,0
BRDA:10,0,1,1
BRDA:19,1,0,3
BRDA:19,1,1,1
BRDA:33,2,0,1
BRDA:33,2,1,0
BRDA:40,3,0,1
BRDA:40,3,1,0
BRDA:46,4,0,0
BRDA:46,4,1,1
BRDA:52,5,0,0
BRDA:52,5,1,1
BRDA:70,6,0,0
BRDA:70,6,1,0
BRF:14
BRH:7
end_of_record
